proguard/seeds.txt
com.wpt.dota2box.R$anim: int slide_in_from_bottom
com.wpt.dota2box.R$anim: int slide_in_from_top
com.wpt.dota2box.R$anim: int slide_left_in
com.wpt.dota2box.R$anim: int slide_left_out
com.wpt.dota2box.R$anim: int slide_out_to_bottom
com.wpt.dota2box.R$anim: int slide_out_to_top
com.wpt.dota2box.R$anim: int slide_right_in
com.wpt.dota2box.R$anim: int slide_right_out
com.wpt.dota2box.R$array: int search_layout_hero_avatar_array
com.wpt.dota2box.R$attr: int adSize
com.wpt.dota2box.R$attr: int adSizes
com.wpt.dota2box.R$attr: int adUnitId
com.wpt.dota2box.R$attr: int buyButtonAppearance
com.wpt.dota2box.R$attr: int buyButtonHeight
com.wpt.dota2box.R$attr: int buyButtonText
com.wpt.dota2box.R$attr: int buyButtonWidth
com.wpt.dota2box.R$attr: int cameraBearing
com.wpt.dota2box.R$attr: int cameraTargetLat
com.wpt.dota2box.R$attr: int cameraTargetLng
com.wpt.dota2box.R$attr: int cameraTilt
com.wpt.dota2box.R$attr: int cameraZoom
com.wpt.dota2box.R$attr: int environment
com.wpt.dota2box.R$attr: int fragmentMode
com.wpt.dota2box.R$attr: int fragmentStyle
com.wpt.dota2box.R$attr: int mapType
com.wpt.dota2box.R$attr: int maskedWalletDetailsBackground
com.wpt.dota2box.R$attr: int maskedWalletDetailsButtonBackground
com.wpt.dota2box.R$attr: int maskedWalletDetailsButtonTextAppearance
com.wpt.dota2box.R$attr: int maskedWalletDetailsHeaderTextAppearance
com.wpt.dota2box.R$attr: int maskedWalletDetailsLogoImageType
com.wpt.dota2box.R$attr: int maskedWalletDetailsLogoTextColor
com.wpt.dota2box.R$attr: int maskedWalletDetailsTextAppearance
com.wpt.dota2box.R$attr: int ptrAdapterViewBackground
com.wpt.dota2box.R$attr: int ptrAnimationStyle
com.wpt.dota2box.R$attr: int ptrDrawable
com.wpt.dota2box.R$attr: int ptrDrawableBottom
com.wpt.dota2box.R$attr: int ptrDrawableEnd
com.wpt.dota2box.R$attr: int ptrDrawableStart
com.wpt.dota2box.R$attr: int ptrDrawableTop
com.wpt.dota2box.R$attr: int ptrHeaderBackground
com.wpt.dota2box.R$color: int black
com.wpt.dota2box.R$color: int common_action_bar_splitter
com.wpt.dota2box.R$color: int common_signin_btn_dark_text_default
com.wpt.dota2box.R$color: int common_signin_btn_dark_text_disabled
com.wpt.dota2box.R$color: int common_signin_btn_dark_text_focused
com.wpt.dota2box.R$color: int common_signin_btn_dark_text_pressed
com.wpt.dota2box.R$color: int common_signin_btn_default_background
com.wpt.dota2box.R$color: int common_signin_btn_light_text_default
com.wpt.dota2box.R$color: int common_signin_btn_light_text_disabled
com.wpt.dota2box.R$color: int common_signin_btn_light_text_focused
com.wpt.dota2box.R$color: int common_signin_btn_light_text_pressed
com.wpt.dota2box.R$color: int common_signin_btn_text_dark
com.wpt.dota2box.R$color: int common_signin_btn_text_light
com.wpt.dota2box.R$color: int dark_gray
com.wpt.dota2box.R$color: int dark_green
com.wpt.dota2box.R$color: int drak_yellow
com.wpt.dota2box.R$color: int gold
com.wpt.dota2box.R$color: int gray
com.wpt.dota2box.R$color: int green
com.wpt.dota2box.R$color: int light_blue
com.wpt.dota2box.R$color: int light_gray
com.wpt.dota2box.R$color: int orance
com.wpt.dota2box.R$color: int pink
com.wpt.dota2box.R$color: int pink_red
com.wpt.dota2box.R$color: int search_top_bg
com.wpt.dota2box.R$color: int tab_bg
com.wpt.dota2box.R$color: int wallet_bright_foreground_disabled_holo_light
com.wpt.dota2box.R$color: int wallet_bright_foreground_holo_dark
com.wpt.dota2box.R$dimen: int activity_horizontal_margin
com.wpt.dota2box.R$dimen: int activity_vertical_margin
com.wpt.dota2box.R$dimen: int header_footer_left_right_padding
com.wpt.dota2box.R$dimen: int header_footer_top_bottom_padding
com.wpt.dota2box.R$dimen: int indicator_corner_radius
com.wpt.dota2box.R$dimen: int indicator_internal_padding
com.wpt.dota2box.R$dimen: int indicator_right_padding
...
org.jsoup.parser.HtmlTreeBuilderState$12
org.jsoup.parser.HtmlTreeBuilderState$12: HtmlTreeBuilderState$12(java.lang.String,int)
org.jsoup.parser.HtmlTreeBuilderState$12: boolean process(org.jsoup.parser.Token,org.jsoup.parser.HtmlTreeBuilder)
org.jsoup.parser.HtmlTreeBuilderState$12: boolean anythingElse(org.jsoup.parser.Token,org.jsoup.parser.TreeBuilder)
org.jsoup.parser.HtmlTreeBuilderState$13
org.jsoup.parser.HtmlTreeBuilderState$13: HtmlTreeBuilderState$13(java.lang.String,int)
org.jsoup.parser.HtmlTreeBuilderState$13: boolean process(org.jsoup.parser.Token,org.jsoup.parser.HtmlTreeBuilder)
org.jsoup.parser.HtmlTreeBuilderState$13: boolean exitTableBody(org.jsoup.parser.Token,org.jsoup.parser.HtmlTreeBuilder)
org.jsoup.parser.HtmlTreeBuilderState$13: boolean anythingElse(org.jsoup.parser.Token,org.jsoup.parser.HtmlTreeBuilder)
org.jsoup.parser.HtmlTreeBuilderState$14
org.jsoup.parser.HtmlTreeBuilderState$14: HtmlTreeBuilderState$14(java.lang.String,int)
org.jsoup.parser.HtmlTreeBuilderState$14: boolean process(org.jsoup.parser.Token,org.jsoup.parser.HtmlTreeBuilder)
org.jsoup.parser.HtmlTreeBuilderState$14: boolean anythingElse(org.jsoup.parser.Token,org.jsoup.parser.HtmlTreeBuilder)
org.jsoup.parser.HtmlTreeBuilderState$14: boolean handleMissingTr(org.jsoup.parser.Token,org.jsoup.parser.TreeBuilder)
org.jsoup.parser.HtmlTreeBuilderState$15
org.jsoup.parser.HtmlTreeBuilderState$15: HtmlTreeBuilderState$15(java.lang.String,int)
org.jsoup.parser.HtmlTreeBuilderState$15: boolean process(org.jsoup.parser.Token,org.jsoup.parser.HtmlTreeBuilder)
org.jsoup.parser.HtmlTreeBuilderState$15: boolean anythingElse(org.jsoup.parser.Token,org.jsoup.parser.HtmlTreeBuilder)
org.jsoup.parser.HtmlTreeBuilderState$15: void closeCell(org.jsoup.parser.HtmlTreeBuilder)
org.jsoup.parser.HtmlTreeBuilderState$16
org.jsoup.parser.HtmlTreeBuilderState$16: HtmlTreeBuilderState$16(java.lang.String,int)
org.jsoup.parser.HtmlTreeBuilderState$16: boolean process(org.jsoup.parser.Token,org.jsoup.parser.HtmlTreeBuilder)
org.jsoup.parser.HtmlTreeBuilderState$16: boolean anythingElse(org.jsoup.parser.Token,org.jsoup.parser.HtmlTreeBuilder)
org.jsoup.parser.HtmlTreeBuilderState$17
org.jsoup.parser.HtmlTreeBuilderState$17: HtmlTreeBuilderState$17(java.lang.String,int)
org.jsoup.parser.HtmlTreeBuilderState$17: boolean process(org.jsoup.parser.Token,org.jsoup.parser.HtmlTreeBuilder)
org.jsoup.parser.HtmlTreeBuilderState$18
org.jsoup.parser.HtmlTreeBuilderState$18: HtmlTreeBuilderState$18(java.lang.String,int)
org.jsoup.parser.HtmlTreeBuilderState$18: boolean process(org.jsoup.parser.Token,org.jsoup.parser.HtmlTreeBuilder)
org.jsoup.parser.HtmlTreeBuilderState$19
org.jsoup.parser.HtmlTreeBuilderState$19: HtmlTreeBuilderState$19(java.lang.String,int)
org.jsoup.parser.HtmlTreeBuilderState$19: boolean process(org.jsoup.parser.Token,org.jsoup.parser.HtmlTreeBuilder)
org.jsoup.parser.HtmlTreeBuilderState$2
org.jsoup.parser.HtmlTreeBuilderState$2: HtmlTreeBuilderState$2(java.lang.String,int)
org.jsoup.parser.HtmlTreeBuilderState$2: boolean process(org.jsoup.parser.Token,org.jsoup.parser.HtmlTreeBuilder)
org.jsoup.parser.HtmlTreeBuilderState$2: boolean anythingElse(org.jsoup.parser.Token,org.jsoup.parser.HtmlTreeBuilder)
org.jsoup.parser.HtmlTreeBuilderState$20
org.jsoup.parser.HtmlTreeBuilderState$20: HtmlTreeBuilderState$20(java.lang.String,int)
org.jsoup.parser.HtmlTreeBuilderState$20: boolean process(org.jsoup.parser.Token,org.jsoup.parser.HtmlTreeBuilder)
org.jsoup.parser.HtmlTreeBuilderState$21
org.jsoup.parser.HtmlTreeBuilderState$21: HtmlTreeBuilderState$21(java.lang.String,int)
org.jsoup.parser.HtmlTreeBuilderState$21: boolean process(org.jsoup.parser.Token,org.jsoup.parser.HtmlTreeBuilder)
org.jsoup.parser.HtmlTreeBuilderState$22
org.jsoup.parser.HtmlTreeBuilderState$22: HtmlTreeBuilderState$22(java.lang.String,int)
org.jsoup.parser.HtmlTreeBuilderState$22: boolean process(org.jsoup.parser.Token,org.jsoup.parser.HtmlTreeBuilder)