proguard/mapping.txt
com.wpt.dota2box.adapter.FriendsAdapter -> com.wpt.dota2box.a.a:
    android.content.Context mContext -> a
    java.util.List mDatas -> b
    int getCount() -> getCount
    java.lang.Object getItem(int) -> getItem
    long getItemId(int) -> getItemId
    android.view.View getView(int,android.view.View,android.view.ViewGroup) -> getView
com.wpt.dota2box.adapter.FriendsAdapter$MyImageLoadingListener -> com.wpt.dota2box.a.b:
    android.widget.ProgressBar myBar -> a
    com.wpt.dota2box.adapter.FriendsAdapter this$0 -> b
    void onLoadingStarted(java.lang.String,android.view.View) -> onLoadingStarted
    void onLoadingFailed(java.lang.String,android.view.View,com.nostra13.universalimageloader.core.assist.FailReason) -> onLoadingFailed
    void onLoadingComplete(java.lang.String,android.view.View,android.graphics.Bitmap) -> onLoadingComplete
    void onLoadingCancelled(java.lang.String,android.view.View) -> onLoadingCancelled
com.wpt.dota2box.adapter.FriendsAdapter$ViewHolder -> com.wpt.dota2box.a.c:
    android.widget.ImageView imageView -> a
    android.widget.TextView nameTv -> b
    android.widget.TextView timeTv -> c
    android.widget.ProgressBar bar -> d
    com.wpt.dota2box.adapter.FriendsAdapter this$0 -> e
com.wpt.dota2box.adapter.GamesAdapter -> com.wpt.dota2box.a.d:
    android.content.Context mContext -> a
    java.util.List mDatas -> b
    int getCount() -> getCount
    java.lang.Object getItem(int) -> getItem
    long getItemId(int) -> getItemId
    android.view.View getView(int,android.view.View,android.view.ViewGroup) -> getView
com.wpt.dota2box.adapter.GamesAdapter$MyImageLoadingListener -> com.wpt.dota2box.a.e:
    android.widget.ProgressBar myBar -> a
    com.wpt.dota2box.adapter.GamesAdapter this$0 -> b
    void onLoadingStarted(java.lang.String,android.view.View) -> onLoadingStarted
    void onLoadingFailed(java.lang.String,android.view.View,com.nostra13.universalimageloader.core.assist.FailReason) -> onLoadingFailed
    void onLoadingComplete(java.lang.String,android.view.View,android.graphics.Bitmap) -> onLoadingComplete
    void onLoadingCancelled(java.lang.String,android.view.View) -> onLoadingCancelled
com.wpt.dota2box.adapter.GamesAdapter$ViewHolder -> com.wpt.dota2box.a.f:
    android.widget.ImageView imageView -> a
    android.widget.TextView killTv -> b
    android.widget.TextView timeTv -> c
    android.widget.ProgressBar bar -> d
    android.widget.TextView gamesTv -> e
    android.widget.TextView zhenyingTv -> f
    android.widget.TextView resultTv -> g
    android.widget.TextView lastTv -> h
    com.wpt.dota2box.adapter.GamesAdapter this$0 -> i
com.wpt.dota2box.adapter.GamesDetailAdapter -> com.wpt.dota2box.a.g:
    android.content.Context mContext -> a
    java.util.List mDatas -> b
    int getCount() -> getCount
    java.lang.Object getItem(int) -> getItem
    long getItemId(int) -> getItemId
    android.view.View getView(int,android.view.View,android.view.ViewGroup) -> getView
    void showZbImage(com.wpt.dota2box.adapter.GamesDetailAdapter$ViewHolder,java.util.List) -> a
com.wpt.dota2box.adapter.GamesDetailAdapter$MyImageLoadingListener -> com.wpt.dota2box.a.h:
    android.widget.ProgressBar myBar -> a
    com.wpt.dota2box.adapter.GamesDetailAdapter this$0 -> b
    void onLoadingStarted(java.lang.String,android.view.View) -> onLoadingStarted
    void onLoadingFailed(java.lang.String,android.view.View,com.nostra13.universalimageloader.core.assist.FailReason) -> onLoadingFailed
    void onLoadingComplete(java.lang.String,android.view.View,android.graphics.Bitmap) -> onLoadingComplete
    void onLoadingCancelled(java.lang.String,android.view.View) -> onLoadingCancelled
...
android.support.v4.view.accessibility.AccessibilityNodeProviderCompatJellyBean -> android.support.v4.view.a.l:
    java.lang.Object newAccessibilityNodeProviderBridge(android.support.v4.view.accessibility.AccessibilityNodeProviderCompatJellyBean$AccessibilityNodeInfoBridge) -> a
android.support.v4.view.accessibility.AccessibilityNodeProviderCompatJellyBean$1 -> android.support.v4.view.a.m:
    android.support.v4.view.accessibility.AccessibilityNodeProviderCompatJellyBean$AccessibilityNodeInfoBridge val$bridge -> a
    android.view.accessibility.AccessibilityNodeInfo createAccessibilityNodeInfo(int) -> createAccessibilityNodeInfo
    java.util.List findAccessibilityNodeInfosByText(java.lang.String,int) -> findAccessibilityNodeInfosByText
    boolean performAction(int,int,android.os.Bundle) -> performAction
android.support.v4.view.accessibility.AccessibilityNodeProviderCompatJellyBean$AccessibilityNodeInfoBridge -> android.support.v4.view.a.n:
    java.lang.Object createAccessibilityNodeInfo(int) -> a
    boolean performAction(int,int,android.os.Bundle) -> a
    java.util.List findAccessibilityNodeInfosByText(java.lang.String,int) -> a
android.support.v4.widget.EdgeEffectCompat -> android.support.v4.d.a:
    java.lang.Object mEdgeEffect -> a
    android.support.v4.widget.EdgeEffectCompat$EdgeEffectImpl IMPL -> b
    void setSize(int,int) -> a
    boolean isFinished() -> a
    void finish() -> b
    boolean onPull(float) -> a
    boolean onRelease() -> c
    boolean draw(android.graphics.Canvas) -> a
android.support.v4.widget.EdgeEffectCompat$BaseEdgeEffectImpl -> android.support.v4.d.b:
    java.lang.Object newEdgeEffect(android.content.Context) -> a
    void setSize(java.lang.Object,int,int) -> a
    boolean isFinished(java.lang.Object) -> a
    void finish(java.lang.Object) -> b
    boolean onPull(java.lang.Object,float) -> a
    boolean onRelease(java.lang.Object) -> c
    boolean draw(java.lang.Object,android.graphics.Canvas) -> a
android.support.v4.widget.EdgeEffectCompat$EdgeEffectIcsImpl -> android.support.v4.d.c:
    java.lang.Object newEdgeEffect(android.content.Context) -> a
    void setSize(java.lang.Object,int,int) -> a
    boolean isFinished(java.lang.Object) -> a
    void finish(java.lang.Object) -> b
    boolean onPull(java.lang.Object,float) -> a
    boolean onRelease(java.lang.Object) -> c
    boolean draw(java.lang.Object,android.graphics.Canvas) -> a
android.support.v4.widget.EdgeEffectCompat$EdgeEffectImpl -> android.support.v4.d.d:
    java.lang.Object newEdgeEffect(android.content.Context) -> a
    void setSize(java.lang.Object,int,int) -> a
    boolean isFinished(java.lang.Object) -> a
    void finish(java.lang.Object) -> b
    boolean onPull(java.lang.Object,float) -> a
    boolean onRelease(java.lang.Object) -> c
    boolean draw(java.lang.Object,android.graphics.Canvas) -> a
android.support.v4.widget.EdgeEffectCompatIcs -> android.support.v4.d.e:
    java.lang.Object newEdgeEffect(android.content.Context) -> a
    void setSize(java.lang.Object,int,int) -> a
    boolean isFinished(java.lang.Object) -> a
    void finish(java.lang.Object) -> b
    boolean onPull(java.lang.Object,float) -> a
    boolean onRelease(java.lang.Object) -> c
    boolean draw(java.lang.Object,android.graphics.Canvas) -> a
com.google.ads.AdRequest -> com.google.a.a:
    java.lang.String TEST_EMULATOR -> a
com.google.ads.AdRequest$Gender -> com.google.a.b:
    com.google.ads.AdRequest$Gender UNKNOWN -> a
    com.google.ads.AdRequest$Gender MALE -> b
    com.google.ads.AdRequest$Gender FEMALE -> c
    com.google.ads.AdRequest$Gender[] b -> d
    com.google.ads.AdRequest$Gender[] values() -> values
    com.google.ads.AdRequest$Gender valueOf(java.lang.String) -> valueOf