proguard/usage.txt
com.wpt.dota2box.BuildConfig
com.wpt.dota2box.R
com.wpt.dota2box.R$anim
com.wpt.dota2box.R$array
com.wpt.dota2box.R$attr
com.wpt.dota2box.R$color
com.wpt.dota2box.R$dimen
com.wpt.dota2box.R$drawable
com.wpt.dota2box.R$id
com.wpt.dota2box.R$integer
com.wpt.dota2box.R$layout
com.wpt.dota2box.R$menu
com.wpt.dota2box.R$raw
com.wpt.dota2box.R$string
com.wpt.dota2box.R$style
com.wpt.dota2box.R$styleable
com.wpt.dota2box.common.Constants
com.wpt.dota2box.model.Games:
    55:55:public java.lang.String getName()
com.wpt.dota2box.model.GoodsHeCheng:
    12:12:public java.lang.String getMingcheng()
    28:28:public java.lang.String getRitemsId()
com.wpt.dota2box.model.Hero:
    private java.lang.String heroId
    26:26:public java.lang.String getHeroId()
    30:31:public void setHeroId(java.lang.String)
com.wpt.dota2box.model.HeroList:
    16:16:public java.lang.String getName()
com.wpt.dota2box.test.NetTest
com.wpt.dota2box.ui.BaseActivity:
    private static final java.lang.String AD_NORMAL_ID
    private static final java.lang.String AD_FULL_ID
com.wpt.dota2box.ui.MainTabActivity:
    public static final java.lang.String TAB_NEWS
    public static final java.lang.String TAB_HERO
    public static final java.lang.String TAB_GOODS
    public static final java.lang.String TAB_MYSELF
com.wpt.dota2box.ui.WhatsnewActivity:
    private android.widget.Button enterBtn
com.wpt.dota2box.ui.news.NewsActivity:
    public static final int GET_NEWS_WHAT
    public static final int GET_ONLINE_WHAT
    public static final int SET_TODAY_PRICE_TIME
com.wpt.dota2box.ui.news.wallpaper.SetWallpaperManager:
    public static final int SET_WALL_PAPER_SUCCESS
    public static final int SET_WALL_PAPER_FAILURE
com.wpt.dota2box.ui.news.wallpaper.WallpaperDetailActivity:
    private static final int SET_WALL_PAPER_SUCCESS
    private static final int SET_WALL_PAPER_FAILURE
    private static final int LOAD_WALL_PAPER_SUCCESSFUL
    private static final int LOAD_WALL_PAPER_FAILED
com.wpt.dota2box.util.DBManager:
    public static final java.lang.String DB_NAME
    public static final java.lang.String PACKAGE_NAME
...
com.google.android.gms.wearable.DataMap
com.google.android.gms.wearable.DataMapItem
com.google.android.gms.wearable.MessageApi
com.google.android.gms.wearable.MessageApi$MessageListener
com.google.android.gms.wearable.MessageApi$SendMessageResult
com.google.android.gms.wearable.MessageEvent
com.google.android.gms.wearable.Node
com.google.android.gms.wearable.NodeApi
com.google.android.gms.wearable.NodeApi$GetConnectedNodesResult
com.google.android.gms.wearable.NodeApi$GetLocalNodeResult
com.google.android.gms.wearable.NodeApi$NodeListener
com.google.android.gms.wearable.PutDataMapRequest
com.google.android.gms.wearable.PutDataRequest:
    public static final java.lang.String WEAR_URI_SCHEME
    private PutDataRequest(int,android.net.Uri)
    public static com.google.android.gms.wearable.PutDataRequest createFromDataItem(com.google.android.gms.wearable.DataItem)
    public static com.google.android.gms.wearable.PutDataRequest k(android.net.Uri)
    public static com.google.android.gms.wearable.PutDataRequest createWithAutoAppendedId(java.lang.String)
    public static com.google.android.gms.wearable.PutDataRequest create(java.lang.String)
    private static android.net.Uri cx(java.lang.String)
    public com.google.android.gms.wearable.PutDataRequest setData(byte[])
    public java.util.Map getAssets()
    public com.google.android.gms.wearable.Asset getAsset(java.lang.String)
    public boolean hasAsset(java.lang.String)
    public com.google.android.gms.wearable.PutDataRequest putAsset(java.lang.String,com.google.android.gms.wearable.Asset)
    public com.google.android.gms.wearable.PutDataRequest removeAsset(java.lang.String)
com.google.android.gms.wearable.Wearable
com.google.android.gms.wearable.Wearable$1
com.google.android.gms.wearable.Wearable$WearableOptions
com.google.android.gms.wearable.Wearable$WearableOptions$Builder
com.google.android.gms.wearable.WearableListenerService
com.google.android.gms.wearable.WearableListenerService$1
com.google.android.gms.wearable.WearableListenerService$a
com.google.android.gms.wearable.WearableListenerService$a$1
com.google.android.gms.wearable.WearableListenerService$a$2
com.google.android.gms.wearable.WearableListenerService$a$3
com.google.android.gms.wearable.WearableListenerService$a$4
com.google.android.gms.wearable.WearableStatusCodes
com.google.android.gms.wearable.b
com.google.android.gms.wearable.internal.DataItemAssetParcelable:
    public boolean isDataValid()
com.google.android.gms.wearable.internal.a
com.google.android.gms.wearable.internal.ab
com.google.android.gms.wearable.internal.ab$a
com.google.android.gms.wearable.internal.ab$a$a
com.google.android.gms.wearable.internal.ac$a:
    public ac$a()
com.google.android.gms.wearable.internal.ad
com.google.android.gms.wearable.internal.ad$a
com.google.android.gms.wearable.internal.ad$a$a
com.google.android.gms.wearable.internal.ae
com.google.android.gms.wearable.internal.ae$1
com.google.android.gms.wearable.internal.ae$2
com.google.android.gms.wearable.internal.ae$3
com.google.android.gms.wearable.internal.ae$a
com.google.android.gms.wearable.internal.ah
com.google.android.gms.wearable.internal.ah$1
com.google.android.gms.wearable.internal.ah$2
com.google.android.gms.wearable.internal.ah$3
com.google.android.gms.wearable.internal.ah$4
com.google.android.gms.wearable.internal.ah$a
com.google.android.gms.wearable.internal.ah$b
com.google.android.gms.wearable.internal.ao:
    public ao(com.google.android.gms.wearable.internal.ac)
com.google.android.gms.wearable.internal.au
com.google.android.gms.wearable.internal.au$1
com.google.android.gms.wearable.internal.au$10
com.google.android.gms.wearable.internal.au$11
com.google.android.gms.wearable.internal.au$12
com.google.android.gms.wearable.internal.au$13
com.google.android.gms.wearable.internal.au$14
com.google.android.gms.wearable.internal.au$2
com.google.android.gms.wearable.internal.au$3
com.google.android.gms.wearable.internal.au$4